<?xml version="1.0" encoding="UTF-8"?>
<coverage generated="1646631749787" clover="3.2.0">
  <project timestamp="1646631749787" name="All files">
    <metrics statements="68" coveredstatements="66" conditionals="62" coveredconditionals="60" methods="10" coveredmethods="8" elements="140" coveredelements="134" complexity="0" loc="68" ncloc="68" packages="1" files="1" classes="1"/>
    <file name="index.ts" path="/Users/chris/Projects/async-function-serialiser/src/index.ts">
      <metrics statements="68" coveredstatements="66" conditionals="62" coveredconditionals="60" methods="10" coveredmethods="8"/>
      <line num="84" count="4" type="stmt"/>
      <line num="92" count="14" type="stmt"/>
      <line num="93" count="14" type="stmt"/>
      <line num="95" count="14" type="stmt"/>
      <line num="96" count="14" type="stmt"/>
      <line num="97" count="14" type="stmt"/>
      <line num="98" count="14" type="stmt"/>
      <line num="100" count="14" type="stmt"/>
      <line num="102" count="14" type="cond" truecount="6" falsecount="0"/>
      <line num="103" count="14" type="stmt"/>
      <line num="105" count="14" type="stmt"/>
      <line num="108" count="82" type="cond" truecount="1" falsecount="0"/>
      <line num="110" count="28" type="stmt"/>
      <line num="112" count="28" type="stmt"/>
      <line num="114" count="28" type="cond" truecount="7" falsecount="0"/>
      <line num="115" count="5" type="stmt"/>
      <line num="116" count="5" type="stmt"/>
      <line num="120" count="28" type="stmt"/>
      <line num="122" count="28" type="stmt"/>
      <line num="126" count="82" type="cond" truecount="5" falsecount="0"/>
      <line num="127" count="20" type="stmt"/>
      <line num="128" count="20" type="cond" truecount="2" falsecount="0"/>
      <line num="129" count="20" type="stmt"/>
      <line num="131" count="32" type="cond" truecount="2" falsecount="0"/>
      <line num="133" count="32" type="cond" truecount="2" falsecount="0"/>
      <line num="135" count="32" type="cond" truecount="2" falsecount="0"/>
      <line num="139" count="18" type="stmt"/>
      <line num="140" count="14" type="cond" truecount="2" falsecount="0"/>
      <line num="144" count="8" type="stmt"/>
      <line num="146" count="6" type="stmt"/>
      <line num="151" count="82" type="stmt"/>
      <line num="152" count="82" type="cond" truecount="1" falsecount="0"/>
      <line num="153" count="82" type="cond" truecount="4" falsecount="1"/>
      <line num="154" count="0" type="stmt"/>
      <line num="160" count="82" type="stmt"/>
      <line num="161" count="82" type="stmt"/>
      <line num="162" count="82" type="stmt"/>
      <line num="163" count="82" type="stmt"/>
      <line num="165" count="0" type="stmt"/>
      <line num="169" count="82" type="cond" truecount="2" falsecount="0"/>
      <line num="170" count="28" type="stmt"/>
      <line num="173" count="14" type="stmt"/>
      <line num="177" count="94" type="stmt"/>
      <line num="178" count="94" type="cond" truecount="5" falsecount="0"/>
      <line num="179" count="2" type="cond" truecount="1" falsecount="0"/>
      <line num="180" count="2" type="stmt"/>
      <line num="183" count="94" type="cond" truecount="6" falsecount="0"/>
      <line num="184" count="68" type="stmt"/>
      <line num="185" count="68" type="stmt"/>
      <line num="191" count="26" type="stmt"/>
      <line num="193" count="26" type="cond" truecount="1" falsecount="0"/>
      <line num="194" count="14" type="stmt"/>
      <line num="196" count="26" type="cond" truecount="2" falsecount="0"/>
      <line num="200" count="26" type="cond" truecount="2" falsecount="0"/>
      <line num="204" count="26" type="stmt"/>
      <line num="209" count="26" type="cond" truecount="1" falsecount="0"/>
      <line num="210" count="26" type="stmt"/>
      <line num="212" count="26" type="cond" truecount="1" falsecount="0"/>
      <line num="213" count="12" type="stmt"/>
      <line num="215" count="26" type="stmt"/>
      <line num="217" count="26" type="stmt"/>
      <line num="218" count="14" type="cond" truecount="1" falsecount="1"/>
      <line num="220" count="14" type="stmt"/>
      <line num="221" count="14" type="stmt"/>
      <line num="222" count="14" type="stmt"/>
      <line num="223" count="14" type="stmt"/>
      <line num="225" count="14" type="stmt"/>
      <line num="228" count="26" type="stmt"/>
    </file>
  </project>
</coverage>
