{"/Users/chris/Projects/async-function-serialiser/src/index.ts": {"path":"/Users/chris/Projects/async-function-serialiser/src/index.ts","statementMap":{"0":{"start":{"line":92,"column":43},"end":{"line":92,"column":45}},"1":{"start":{"line":93,"column":51},"end":{"line":93,"column":60}},"2":{"start":{"line":95,"column":61},"end":{"line":95,"column":70}},"3":{"start":{"line":96,"column":34},"end":{"line":96,"column":42}},"4":{"start":{"line":97,"column":47},"end":{"line":97,"column":56}},"5":{"start":{"line":98,"column":42},"end":{"line":98,"column":51}},"6":{"start":{"line":100,"column":2},"end":{"line":100,"column":11}},"7":{"start":{"line":102,"column":23},"end":{"line":102,"column":48}},"8":{"start":{"line":103,"column":25},"end":{"line":103,"column":26}},"9":{"start":{"line":105,"column":52},"end":{"line":105,"column":61}},"10":{"start":{"line":108,"column":2},"end":{"line":108,"column":49}},"11":{"start":{"line":108,"column":42},"end":{"line":108,"column":49}},"12":{"start":{"line":110,"column":21},"end":{"line":110,"column":44}},"13":{"start":{"line":112,"column":2},"end":{"line":112,"column":25}},"14":{"start":{"line":114,"column":2},"end":{"line":118,"column":null}},"15":{"start":{"line":115,"column":3},"end":{"line":117,"column":5}},"16":{"start":{"line":116,"column":4},"end":{"line":116,"column":38}},"17":{"start":{"line":120,"column":2},"end":{"line":120,"column":21}},"18":{"start":{"line":122,"column":2},"end":{"line":122,"column":8}},"19":{"start":{"line":126,"column":2},"end":{"line":149,"column":null}},"20":{"start":{"line":127,"column":15},"end":{"line":127,"column":33}},"21":{"start":{"line":128,"column":21},"end":{"line":128,"column":54}},"22":{"start":{"line":129,"column":3},"end":{"line":148,"column":6}},"23":{"start":{"line":131,"column":5},"end":{"line":131,"column":54}},"24":{"start":{"line":133,"column":5},"end":{"line":133,"column":54}},"25":{"start":{"line":135,"column":4},"end":{"line":147,"column":null}},"26":{"start":{"line":139,"column":5},"end":{"line":139,"column":32}},"27":{"start":{"line":140,"column":11},"end":{"line":147,"column":null}},"28":{"start":{"line":144,"column":5},"end":{"line":144,"column":45}},"29":{"start":{"line":146,"column":5},"end":{"line":146,"column":14}},"30":{"start":{"line":151,"column":18},"end":{"line":151,"column":31}},"31":{"start":{"line":152,"column":2},"end":{"line":167,"column":null}},"32":{"start":{"line":153,"column":3},"end":{"line":158,"column":null}},"33":{"start":{"line":154,"column":4},"end":{"line":157,"column":6}},"34":{"start":{"line":160,"column":3},"end":{"line":166,"column":null}},"35":{"start":{"line":161,"column":19},"end":{"line":161,"column":44}},"36":{"start":{"line":162,"column":4},"end":{"line":162,"column":66}},"37":{"start":{"line":163,"column":4},"end":{"line":163,"column":28}},"38":{"start":{"line":165,"column":4},"end":{"line":165,"column":58}},"39":{"start":{"line":169,"column":2},"end":{"line":170,"column":30}},"40":{"start":{"line":169,"column":20},"end":{"line":169,"column":32}},"41":{"start":{"line":170,"column":7},"end":{"line":170,"column":30}},"42":{"start":{"line":173,"column":1},"end":{"line":231,"column":3}},"43":{"start":{"line":177,"column":2},"end":{"line":230,"column":5}},"44":{"start":{"line":178,"column":3},"end":{"line":181,"column":null}},"45":{"start":{"line":179,"column":4},"end":{"line":179,"column":45}},"46":{"start":{"line":179,"column":20},"end":{"line":179,"column":45}},"47":{"start":{"line":180,"column":4},"end":{"line":180,"column":21}},"48":{"start":{"line":183,"column":3},"end":{"line":229,"column":null}},"49":{"start":{"line":184,"column":4},"end":{"line":184,"column":35}},"50":{"start":{"line":185,"column":4},"end":{"line":185,"column":12}},"51":{"start":{"line":191,"column":8},"end":{"line":191,"column":21}},"52":{"start":{"line":193,"column":4},"end":{"line":194,"column":48}},"53":{"start":{"line":194,"column":5},"end":{"line":194,"column":48}},"54":{"start":{"line":196,"column":24},"end":{"line":198,"column":8}},"55":{"start":{"line":200,"column":26},"end":{"line":202,"column":15}},"56":{"start":{"line":204,"column":33},"end":{"line":206,"column":null}},"57":{"start":{"line":209,"column":4},"end":{"line":209,"column":45}},"58":{"start":{"line":209,"column":20},"end":{"line":209,"column":45}},"59":{"start":{"line":210,"column":4},"end":{"line":210,"column":63}},"60":{"start":{"line":212,"column":4},"end":{"line":214,"column":null}},"61":{"start":{"line":213,"column":5},"end":{"line":213,"column":63}},"62":{"start":{"line":215,"column":4},"end":{"line":215,"column":30}},"63":{"start":{"line":217,"column":4},"end":{"line":226,"column":6}},"64":{"start":{"line":218,"column":5},"end":{"line":218,"column":62}},"65":{"start":{"line":220,"column":5},"end":{"line":220,"column":33}},"66":{"start":{"line":221,"column":5},"end":{"line":221,"column":33}},"67":{"start":{"line":222,"column":5},"end":{"line":222,"column":37}},"68":{"start":{"line":223,"column":5},"end":{"line":223,"column":31}},"69":{"start":{"line":225,"column":5},"end":{"line":225,"column":13}},"70":{"start":{"line":228,"column":4},"end":{"line":228,"column":66}},"71":{"start":{"line":84,"column":0},"end":{"line":84,"column":24}}},"fnMap":{"0":{"name":"serialize","decl":{"start":{"line":84,"column":24},"end":{"line":84,"column":33}},"loc":{"start":{"line":90,"column":42},"end":{"line":232,"column":1}}},"1":{"name":"(anonymous_8)","decl":{"start":{"line":96,"column":34},"end":{"line":96,"column":37}},"loc":{"start":{"line":96,"column":39},"end":{"line":96,"column":42}}},"2":{"name":"start","decl":{"start":{"line":107,"column":16},"end":{"line":107,"column":21}},"loc":{"start":{"line":107,"column":21},"end":{"line":123,"column":null}}},"3":{"name":"(anonymous_11)","decl":{"start":{"line":115,"column":30},"end":{"line":115,"column":37}},"loc":{"start":{"line":116,"column":4},"end":{"line":116,"column":38}}},"4":{"name":"run","decl":{"start":{"line":125,"column":16},"end":{"line":125,"column":19}},"loc":{"start":{"line":125,"column":19},"end":{"line":171,"column":null}}},"5":{"name":"(anonymous_14)","decl":{"start":{"line":129,"column":22},"end":{"line":129,"column":23}},"loc":{"start":{"line":129,"column":31},"end":{"line":148,"column":4}}},"6":{"name":"(anonymous_15)","decl":{"start":{"line":173,"column":8},"end":{"line":173,"column":null}},"loc":{"start":{"line":175,"column":29},"end":{"line":231,"column":3}}},"7":{"name":"(anonymous_17)","decl":{"start":{"line":177,"column":43},"end":{"line":177,"column":50}},"loc":{"start":{"line":177,"column":53},"end":{"line":230,"column":3}}},"8":{"name":"(anonymous_18)","decl":{"start":{"line":217,"column":21},"end":{"line":217,"column":24}},"loc":{"start":{"line":217,"column":26},"end":{"line":226,"column":5}}},"9":{"name":"(anonymous_19)","decl":{"start":{"line":223,"column":22},"end":{"line":223,"column":25}},"loc":{"start":{"line":223,"column":27},"end":{"line":223,"column":30}}}},"branchMap":{"0":{"loc":{"start":{"line":102,"column":23},"end":{"line":102,"column":48}},"type":"binary-expr","locations":[{"start":{"line":102,"column":23},"end":{"line":102,"column":43}},{"start":{"line":102,"column":47},"end":{"line":102,"column":48}}]},"1":{"loc":{"start":{"line":102,"column":23},"end":{"line":102,"column":43}},"type":"cond-expr","locations":[{"start":{"line":102,"column":30},"end":{"line":102,"column":32}},{"start":{"line":102,"column":23},"end":{"line":102,"column":43}}]},"2":{"loc":{"start":{"line":102,"column":23},"end":{"line":102,"column":32}},"type":"binary-expr","locations":[{"start":{"line":102,"column":23},"end":{"line":102,"column":32}},{"start":{"line":102,"column":23},"end":{"line":102,"column":32}}]},"3":{"loc":{"start":{"line":108,"column":2},"end":{"line":108,"column":49}},"type":"if","locations":[{"start":{"line":108,"column":2},"end":{"line":108,"column":49}}]},"4":{"loc":{"start":{"line":114,"column":2},"end":{"line":118,"column":null}},"type":"if","locations":[{"start":{"line":114,"column":2},"end":{"line":118,"column":null}}]},"5":{"loc":{"start":{"line":114,"column":6},"end":{"line":114,"column":36}},"type":"binary-expr","locations":[{"start":{"line":114,"column":6},"end":{"line":114,"column":16}},{"start":{"line":114,"column":20},"end":{"line":114,"column":34}}]},"6":{"loc":{"start":{"line":114,"column":20},"end":{"line":114,"column":34}},"type":"cond-expr","locations":[{"start":{"line":114,"column":27},"end":{"line":114,"column":29}},{"start":{"line":114,"column":20},"end":{"line":114,"column":34}}]},"7":{"loc":{"start":{"line":114,"column":20},"end":{"line":114,"column":29}},"type":"binary-expr","locations":[{"start":{"line":114,"column":20},"end":{"line":114,"column":29}},{"start":{"line":114,"column":20},"end":{"line":114,"column":29}}]},"8":{"loc":{"start":{"line":126,"column":2},"end":{"line":149,"column":null}},"type":"if","locations":[{"start":{"line":126,"column":2},"end":{"line":149,"column":null}}]},"9":{"loc":{"start":{"line":126,"column":6},"end":{"line":126,"column":21}},"type":"cond-expr","locations":[{"start":{"line":126,"column":13},"end":{"line":126,"column":15}},{"start":{"line":126,"column":6},"end":{"line":126,"column":21}}]},"10":{"loc":{"start":{"line":126,"column":6},"end":{"line":126,"column":15}},"type":"binary-expr","locations":[{"start":{"line":126,"column":6},"end":{"line":126,"column":15}},{"start":{"line":126,"column":6},"end":{"line":126,"column":15}}]},"11":{"loc":{"start":{"line":128,"column":21},"end":{"line":128,"column":54}},"type":"binary-expr","locations":[{"start":{"line":128,"column":21},"end":{"line":128,"column":45}},{"start":{"line":128,"column":49},"end":{"line":128,"column":54}}]},"12":{"loc":{"start":{"line":131,"column":5},"end":{"line":131,"column":54}},"type":"cond-expr","locations":[{"start":{"line":131,"column":27},"end":{"line":131,"column":39}},{"start":{"line":131,"column":42},"end":{"line":131,"column":54}}]},"13":{"loc":{"start":{"line":133,"column":5},"end":{"line":133,"column":54}},"type":"cond-expr","locations":[{"start":{"line":133,"column":27},"end":{"line":133,"column":39}},{"start":{"line":133,"column":42},"end":{"line":133,"column":54}}]},"14":{"loc":{"start":{"line":135,"column":4},"end":{"line":147,"column":null}},"type":"if","locations":[{"start":{"line":135,"column":4},"end":{"line":147,"column":null}},{"start":{"line":140,"column":11},"end":{"line":147,"column":null}}]},"15":{"loc":{"start":{"line":136,"column":5},"end":{"line":137,"column":33}},"type":"binary-expr","locations":[{"start":{"line":136,"column":5},"end":{"line":136,"column":33}},{"start":{"line":137,"column":5},"end":{"line":137,"column":33}}]},"16":{"loc":{"start":{"line":140,"column":11},"end":{"line":147,"column":null}},"type":"if","locations":[{"start":{"line":140,"column":11},"end":{"line":147,"column":null}},{"start":{"line":145,"column":11},"end":{"line":147,"column":null}}]},"17":{"loc":{"start":{"line":141,"column":5},"end":{"line":142,"column":33}},"type":"binary-expr","locations":[{"start":{"line":141,"column":5},"end":{"line":141,"column":33}},{"start":{"line":142,"column":5},"end":{"line":142,"column":33}}]},"18":{"loc":{"start":{"line":152,"column":2},"end":{"line":167,"column":null}},"type":"if","locations":[{"start":{"line":152,"column":2},"end":{"line":167,"column":null}}]},"19":{"loc":{"start":{"line":153,"column":3},"end":{"line":158,"column":null}},"type":"if","locations":[{"start":{"line":153,"column":3},"end":{"line":158,"column":null}}]},"20":{"loc":{"start":{"line":153,"column":7},"end":{"line":153,"column":32}},"type":"cond-expr","locations":[{"start":{"line":153,"column":14},"end":{"line":153,"column":16}},{"start":{"line":153,"column":7},"end":{"line":153,"column":32}}]},"21":{"loc":{"start":{"line":153,"column":7},"end":{"line":153,"column":16}},"type":"binary-expr","locations":[{"start":{"line":153,"column":7},"end":{"line":153,"column":16}},{"start":{"line":153,"column":7},"end":{"line":153,"column":16}}]},"22":{"loc":{"start":{"line":169,"column":2},"end":{"line":170,"column":30}},"type":"if","locations":[{"start":{"line":169,"column":2},"end":{"line":170,"column":30}},{"start":{"line":170,"column":7},"end":{"line":170,"column":30}}]},"23":{"loc":{"start":{"line":178,"column":3},"end":{"line":181,"column":null}},"type":"if","locations":[{"start":{"line":178,"column":3},"end":{"line":181,"column":null}}]},"24":{"loc":{"start":{"line":178,"column":7},"end":{"line":178,"column":34}},"type":"cond-expr","locations":[{"start":{"line":178,"column":19},"end":{"line":178,"column":21}},{"start":{"line":178,"column":7},"end":{"line":178,"column":34}}]},"25":{"loc":{"start":{"line":178,"column":7},"end":{"line":178,"column":21}},"type":"binary-expr","locations":[{"start":{"line":178,"column":7},"end":{"line":178,"column":21}},{"start":{"line":178,"column":7},"end":{"line":178,"column":21}}]},"26":{"loc":{"start":{"line":179,"column":4},"end":{"line":179,"column":45}},"type":"if","locations":[{"start":{"line":179,"column":4},"end":{"line":179,"column":45}}]},"27":{"loc":{"start":{"line":183,"column":3},"end":{"line":229,"column":null}},"type":"if","locations":[{"start":{"line":183,"column":3},"end":{"line":229,"column":null}},{"start":{"line":186,"column":10},"end":{"line":229,"column":null}}]},"28":{"loc":{"start":{"line":183,"column":8},"end":{"line":183,"column":22}},"type":"cond-expr","locations":[{"start":{"line":183,"column":15},"end":{"line":183,"column":17}},{"start":{"line":183,"column":8},"end":{"line":183,"column":22}}]},"29":{"loc":{"start":{"line":183,"column":8},"end":{"line":183,"column":17}},"type":"binary-expr","locations":[{"start":{"line":183,"column":8},"end":{"line":183,"column":17}},{"start":{"line":183,"column":8},"end":{"line":183,"column":17}}]},"30":{"loc":{"start":{"line":193,"column":4},"end":{"line":194,"column":48}},"type":"if","locations":[{"start":{"line":193,"column":4},"end":{"line":194,"column":48}}]},"31":{"loc":{"start":{"line":196,"column":24},"end":{"line":198,"column":8}},"type":"cond-expr","locations":[{"start":{"line":197,"column":7},"end":{"line":197,"column":62}},{"start":{"line":198,"column":7},"end":{"line":198,"column":8}}]},"32":{"loc":{"start":{"line":200,"column":26},"end":{"line":202,"column":15}},"type":"cond-expr","locations":[{"start":{"line":201,"column":7},"end":{"line":201,"column":53}},{"start":{"line":202,"column":7},"end":{"line":202,"column":15}}]},"33":{"loc":{"start":{"line":209,"column":4},"end":{"line":209,"column":45}},"type":"if","locations":[{"start":{"line":209,"column":4},"end":{"line":209,"column":45}}]},"34":{"loc":{"start":{"line":212,"column":4},"end":{"line":214,"column":null}},"type":"if","locations":[{"start":{"line":212,"column":4},"end":{"line":214,"column":null}}]},"35":{"loc":{"start":{"line":218,"column":34},"end":{"line":218,"column":58}},"type":"binary-expr","locations":[{"start":{"line":218,"column":34},"end":{"line":218,"column":49}},{"start":{"line":218,"column":53},"end":{"line":218,"column":58}}]}},"s":{"0":14,"1":14,"2":14,"3":14,"4":14,"5":14,"6":14,"7":14,"8":14,"9":14,"10":82,"11":54,"12":28,"13":28,"14":28,"15":5,"16":5,"17":28,"18":28,"19":82,"20":20,"21":20,"22":20,"23":32,"24":32,"25":32,"26":18,"27":14,"28":8,"29":6,"30":82,"31":82,"32":82,"33":0,"34":82,"35":82,"36":82,"37":82,"38":0,"39":82,"40":54,"41":28,"42":14,"43":94,"44":94,"45":2,"46":2,"47":2,"48":94,"49":68,"50":68,"51":26,"52":26,"53":14,"54":26,"55":26,"56":26,"57":26,"58":21,"59":26,"60":26,"61":12,"62":26,"63":26,"64":14,"65":14,"66":14,"67":14,"68":14,"69":14,"70":26,"71":4},"f":{"0":14,"1":0,"2":82,"3":5,"4":82,"5":32,"6":94,"7":94,"8":14,"9":0},"b":{"0":[14,12],"1":[2,12],"2":[14,14],"3":[54],"4":[5],"5":[28,23],"6":[2,21],"7":[23,23],"8":[20],"9":[24,58],"10":[82,82],"11":[20,12],"12":[26,6],"13":[26,6],"14":[18,14],"15":[32,18],"16":[8,6],"17":[14,8],"18":[82],"19":[0],"20":[24,58],"21":[82,82],"22":[54,28],"23":[2],"24":[88,6],"25":[94,94],"26":[2],"27":[68,26],"28":[24,70],"29":[94,94],"30":[14],"31":[11,15],"32":[11,15],"33":[21],"34":[12],"35":[14,0]}}
}
