{"/Users/chris/Projects/async-function-serialiser/dist/index.js": {"path":"/Users/chris/Projects/async-function-serialiser/dist/index.js","statementMap":{"0":{"start":{"line":1,"column":27},"end":{"line":1,"column":333}},"1":{"start":{"line":1,"column":67},"end":{"line":1,"column":332}},"2":{"start":{"line":1,"column":120},"end":{"line":1,"column":151}},"3":{"start":{"line":1,"column":124},"end":{"line":1,"column":136}},"4":{"start":{"line":1,"column":146},"end":{"line":1,"column":150}},"5":{"start":{"line":1,"column":166},"end":{"line":1,"column":198}},"6":{"start":{"line":1,"column":170},"end":{"line":1,"column":183}},"7":{"start":{"line":1,"column":193},"end":{"line":1,"column":197}},"8":{"start":{"line":1,"column":219},"end":{"line":1,"column":299}},"9":{"start":{"line":1,"column":282},"end":{"line":1,"column":286}},"10":{"start":{"line":1,"column":300},"end":{"line":1,"column":330}},"11":{"start":{"line":1,"column":364},"end":{"line":1,"column":366}},"12":{"start":{"line":1,"column":369},"end":{"line":1,"column":375}},"13":{"start":{"line":1,"column":378},"end":{"line":1,"column":384}},"14":{"start":{"line":1,"column":387},"end":{"line":1,"column":393}},"15":{"start":{"line":1,"column":396},"end":{"line":1,"column":402}},"16":{"start":{"line":1,"column":405},"end":{"line":1,"column":411}},"17":{"start":{"line":1,"column":414},"end":{"line":1,"column":420}},"18":{"start":{"line":1,"column":429},"end":{"line":1,"column":462}},"19":{"start":{"line":1,"column":469},"end":{"line":1,"column":470}},"20":{"start":{"line":1,"column":473},"end":{"line":1,"column":479}},"21":{"start":{"line":1,"column":493},"end":{"line":1,"column":1163}},"22":{"start":{"line":1,"column":540},"end":{"line":1,"column":1161}},"23":{"start":{"line":1,"column":603},"end":{"line":1,"column":624}},"24":{"start":{"line":1,"column":641},"end":{"line":1,"column":1157}},"25":{"start":{"line":1,"column":689},"end":{"line":1,"column":948}},"26":{"start":{"line":1,"column":719},"end":{"line":1,"column":731}},"27":{"start":{"line":1,"column":734},"end":{"line":1,"column":759}},"28":{"start":{"line":1,"column":760},"end":{"line":1,"column":947}},"29":{"start":{"line":1,"column":785},"end":{"line":1,"column":809}},"30":{"start":{"line":1,"column":812},"end":{"line":1,"column":836}},"31":{"start":{"line":1,"column":837},"end":{"line":1,"column":945}},"32":{"start":{"line":1,"column":956},"end":{"line":1,"column":965}},"33":{"start":{"line":1,"column":966},"end":{"line":1,"column":1133}},"34":{"start":{"line":1,"column":972},"end":{"line":1,"column":1047}},"35":{"start":{"line":1,"column":1047},"end":{"line":1,"column":1132}},"36":{"start":{"line":1,"column":1059},"end":{"line":1,"column":1075}},"37":{"start":{"line":1,"column":1076},"end":{"line":1,"column":1099}},"38":{"start":{"line":1,"column":1109},"end":{"line":1,"column":1131}},"39":{"start":{"line":1,"column":1133},"end":{"line":1,"column":1155}},"40":{"start":{"line":1,"column":1164},"end":{"line":1,"column":1716}},"41":{"start":{"line":1,"column":1185},"end":{"line":1,"column":1715}},"42":{"start":{"line":1,"column":1233},"end":{"line":1,"column":1713}},"43":{"start":{"line":1,"column":1262},"end":{"line":1,"column":1711}},"44":{"start":{"line":1,"column":1401},"end":{"line":1,"column":1408}},"45":{"start":{"line":1,"column":1409},"end":{"line":1,"column":1435}},"46":{"start":{"line":1,"column":1441},"end":{"line":1,"column":1479}},"47":{"start":{"line":1,"column":1482},"end":{"line":1,"column":1503}},"48":{"start":{"line":1,"column":1506},"end":{"line":1,"column":1519}},"49":{"start":{"line":1,"column":1520},"end":{"line":1,"column":1674}},"50":{"start":{"line":1,"column":1585},"end":{"line":1,"column":1655}},"51":{"start":{"line":1,"column":1680},"end":{"line":1,"column":1711}},"52":{"start":{"line":1,"column":1717},"end":{"line":1,"column":1798}}},"fnMap":{"0":{"name":"(anonymous_0)","decl":{"start":{"line":1,"column":49},"end":{"line":1,"column":50}},"loc":{"start":{"line":1,"column":66},"end":{"line":1,"column":333}},"line":1},"1":{"name":"(anonymous_1)","decl":{"start":{"line":1,"column":92},"end":{"line":1,"column":93}},"loc":{"start":{"line":1,"column":105},"end":{"line":1,"column":331}},"line":1},"2":{"name":"i","decl":{"start":{"line":1,"column":115},"end":{"line":1,"column":116}},"loc":{"start":{"line":1,"column":119},"end":{"line":1,"column":152}},"line":1},"3":{"name":"o","decl":{"start":{"line":1,"column":161},"end":{"line":1,"column":162}},"loc":{"start":{"line":1,"column":165},"end":{"line":1,"column":199}},"line":1},"4":{"name":"r","decl":{"start":{"line":1,"column":208},"end":{"line":1,"column":209}},"loc":{"start":{"line":1,"column":212},"end":{"line":1,"column":300}},"line":1},"5":{"name":"(anonymous_5)","decl":{"start":{"line":1,"column":270},"end":{"line":1,"column":271}},"loc":{"start":{"line":1,"column":281},"end":{"line":1,"column":287}},"line":1},"6":{"name":"serialize","decl":{"start":{"line":1,"column":343},"end":{"line":1,"column":352}},"loc":{"start":{"line":1,"column":357},"end":{"line":1,"column":1717}},"line":1},"7":{"name":"(anonymous_7)","decl":{"start":{"line":1,"column":387},"end":{"line":1,"column":388}},"loc":{"start":{"line":1,"column":391},"end":{"line":1,"column":393}},"line":1},"8":{"name":"p","decl":{"start":{"line":1,"column":489},"end":{"line":1,"column":490}},"loc":{"start":{"line":1,"column":492},"end":{"line":1,"column":1164}},"line":1},"9":{"name":"(anonymous_9)","decl":{"start":{"line":1,"column":522},"end":{"line":1,"column":523}},"loc":{"start":{"line":1,"column":533},"end":{"line":1,"column":1162}},"line":1},"10":{"name":"(anonymous_10)","decl":{"start":{"line":1,"column":600},"end":{"line":1,"column":601}},"loc":{"start":{"line":1,"column":603},"end":{"line":1,"column":624}},"line":1},"11":{"name":"n","decl":{"start":{"line":1,"column":637},"end":{"line":1,"column":638}},"loc":{"start":{"line":1,"column":640},"end":{"line":1,"column":1158}},"line":1},"12":{"name":"(anonymous_12)","decl":{"start":{"line":1,"column":677},"end":{"line":1,"column":678}},"loc":{"start":{"line":1,"column":688},"end":{"line":1,"column":1156}},"line":1},"13":{"name":"(anonymous_13)","decl":{"start":{"line":1,"column":769},"end":{"line":1,"column":770}},"loc":{"start":{"line":1,"column":776},"end":{"line":1,"column":946}},"line":1},"14":{"name":"(anonymous_14)","decl":{"start":{"line":1,"column":1171},"end":{"line":1,"column":1172}},"loc":{"start":{"line":1,"column":1184},"end":{"line":1,"column":1716}},"line":1},"15":{"name":"(anonymous_15)","decl":{"start":{"line":1,"column":1221},"end":{"line":1,"column":1222}},"loc":{"start":{"line":1,"column":1232},"end":{"line":1,"column":1714}},"line":1},"16":{"name":"(anonymous_16)","decl":{"start":{"line":1,"column":1258},"end":{"line":1,"column":1259}},"loc":{"start":{"line":1,"column":1261},"end":{"line":1,"column":1712}},"line":1},"17":{"name":"(anonymous_17)","decl":{"start":{"line":1,"column":1580},"end":{"line":1,"column":1581}},"loc":{"start":{"line":1,"column":1584},"end":{"line":1,"column":1656}},"line":1},"18":{"name":"(anonymous_18)","decl":{"start":{"line":1,"column":1645},"end":{"line":1,"column":1646}},"loc":{"start":{"line":1,"column":1649},"end":{"line":1,"column":1651}},"line":1}},"branchMap":{"0":{"loc":{"start":{"line":1,"column":27},"end":{"line":1,"column":333}},"type":"binary-expr","locations":[{"start":{"line":1,"column":27},"end":{"line":1,"column":31}},{"start":{"line":1,"column":33},"end":{"line":1,"column":47}},{"start":{"line":1,"column":49},"end":{"line":1,"column":333}}],"line":1},"1":{"loc":{"start":{"line":1,"column":80},"end":{"line":1,"column":90}},"type":"binary-expr","locations":[{"start":{"line":1,"column":80},"end":{"line":1,"column":81}},{"start":{"line":1,"column":83},"end":{"line":1,"column":90}}],"line":1},"2":{"loc":{"start":{"line":1,"column":219},"end":{"line":1,"column":299}},"type":"cond-expr","locations":[{"start":{"line":1,"column":226},"end":{"line":1,"column":236}},{"start":{"line":1,"column":237},"end":{"line":1,"column":299}}],"line":1},"3":{"loc":{"start":{"line":1,"column":238},"end":{"line":1,"column":288}},"type":"cond-expr","locations":[{"start":{"line":1,"column":262},"end":{"line":1,"column":263}},{"start":{"line":1,"column":264},"end":{"line":1,"column":288}}],"line":1},"4":{"loc":{"start":{"line":1,"column":315},"end":{"line":1,"column":320}},"type":"binary-expr","locations":[{"start":{"line":1,"column":315},"end":{"line":1,"column":316}},{"start":{"line":1,"column":318},"end":{"line":1,"column":320}}],"line":1},"5":{"loc":{"start":{"line":1,"column":429},"end":{"line":1,"column":462}},"type":"binary-expr","locations":[{"start":{"line":1,"column":430},"end":{"line":1,"column":458}},{"start":{"line":1,"column":461},"end":{"line":1,"column":462}}],"line":1},"6":{"loc":{"start":{"line":1,"column":430},"end":{"line":1,"column":458}},"type":"cond-expr","locations":[{"start":{"line":1,"column":438},"end":{"line":1,"column":444}},{"start":{"line":1,"column":445},"end":{"line":1,"column":458}}],"line":1},"7":{"loc":{"start":{"line":1,"column":540},"end":{"line":1,"column":1161}},"type":"binary-expr","locations":[{"start":{"line":1,"column":540},"end":{"line":1,"column":544}},{"start":{"line":1,"column":547},"end":{"line":1,"column":1160}}],"line":1},"8":{"loc":{"start":{"line":1,"column":568},"end":{"line":1,"column":627}},"type":"cond-expr","locations":[{"start":{"line":1,"column":588},"end":{"line":1,"column":625}},{"start":{"line":1,"column":626},"end":{"line":1,"column":627}}],"line":1},"9":{"loc":{"start":{"line":1,"column":568},"end":{"line":1,"column":587}},"type":"binary-expr","locations":[{"start":{"line":1,"column":568},"end":{"line":1,"column":569}},{"start":{"line":1,"column":571},"end":{"line":1,"column":578}},{"start":{"line":1,"column":580},"end":{"line":1,"column":587}}],"line":1},"10":{"loc":{"start":{"line":1,"column":689},"end":{"line":1,"column":948}},"type":"if","locations":[{"start":{"line":1,"column":689},"end":{"line":1,"column":948}},{"start":{},"end":{}}],"line":1},"11":{"loc":{"start":{"line":1,"column":692},"end":{"line":1,"column":709}},"type":"binary-expr","locations":[{"start":{"line":1,"column":692},"end":{"line":1,"column":699}},{"start":{"line":1,"column":701},"end":{"line":1,"column":709}}],"line":1},"12":{"loc":{"start":{"line":1,"column":734},"end":{"line":1,"column":759}},"type":"binary-expr","locations":[{"start":{"line":1,"column":734},"end":{"line":1,"column":752}},{"start":{"line":1,"column":754},"end":{"line":1,"column":759}}],"line":1},"13":{"loc":{"start":{"line":1,"column":786},"end":{"line":1,"column":799}},"type":"cond-expr","locations":[{"start":{"line":1,"column":796},"end":{"line":1,"column":797}},{"start":{"line":1,"column":798},"end":{"line":1,"column":799}}],"line":1},"14":{"loc":{"start":{"line":1,"column":813},"end":{"line":1,"column":826}},"type":"cond-expr","locations":[{"start":{"line":1,"column":823},"end":{"line":1,"column":824}},{"start":{"line":1,"column":825},"end":{"line":1,"column":826}}],"line":1},"15":{"loc":{"start":{"line":1,"column":843},"end":{"line":1,"column":945}},"type":"cond-expr","locations":[{"start":{"line":1,"column":882},"end":{"line":1,"column":885}},{"start":{"line":1,"column":886},"end":{"line":1,"column":945}}],"line":1},"16":{"loc":{"start":{"line":1,"column":843},"end":{"line":1,"column":881}},"type":"binary-expr","locations":[{"start":{"line":1,"column":843},"end":{"line":1,"column":861}},{"start":{"line":1,"column":863},"end":{"line":1,"column":881}}],"line":1},"17":{"loc":{"start":{"line":1,"column":886},"end":{"line":1,"column":945}},"type":"cond-expr","locations":[{"start":{"line":1,"column":925},"end":{"line":1,"column":943}},{"start":{"line":1,"column":944},"end":{"line":1,"column":945}}],"line":1},"18":{"loc":{"start":{"line":1,"column":886},"end":{"line":1,"column":924}},"type":"binary-expr","locations":[{"start":{"line":1,"column":886},"end":{"line":1,"column":904}},{"start":{"line":1,"column":906},"end":{"line":1,"column":924}}],"line":1},"19":{"loc":{"start":{"line":1,"column":966},"end":{"line":1,"column":1133}},"type":"if","locations":[{"start":{"line":1,"column":966},"end":{"line":1,"column":1133}},{"start":{},"end":{}}],"line":1},"20":{"loc":{"start":{"line":1,"column":972},"end":{"line":1,"column":1046}},"type":"binary-expr","locations":[{"start":{"line":1,"column":972},"end":{"line":1,"column":979}},{"start":{"line":1,"column":981},"end":{"line":1,"column":999}},{"start":{"line":1,"column":1002},"end":{"line":1,"column":1045}}],"line":1},"21":{"loc":{"start":{"line":1,"column":1133},"end":{"line":1,"column":1155}},"type":"cond-expr","locations":[{"start":{"line":1,"column":1142},"end":{"line":1,"column":1151}},{"start":{"line":1,"column":1152},"end":{"line":1,"column":1155}}],"line":1},"22":{"loc":{"start":{"line":1,"column":1262},"end":{"line":1,"column":1711}},"type":"if","locations":[{"start":{"line":1,"column":1262},"end":{"line":1,"column":1711}},{"start":{"line":1,"column":1680},"end":{"line":1,"column":1711}}],"line":1},"23":{"loc":{"start":{"line":1,"column":1265},"end":{"line":1,"column":1315}},"type":"binary-expr","locations":[{"start":{"line":1,"column":1265},"end":{"line":1,"column":1272}},{"start":{"line":1,"column":1274},"end":{"line":1,"column":1289}},{"start":{"line":1,"column":1292},"end":{"line":1,"column":1314}}],"line":1},"24":{"loc":{"start":{"line":1,"column":1292},"end":{"line":1,"column":1310}},"type":"binary-expr","locations":[{"start":{"line":1,"column":1292},"end":{"line":1,"column":1293}},{"start":{"line":1,"column":1295},"end":{"line":1,"column":1310}}],"line":1},"25":{"loc":{"start":{"line":1,"column":1316},"end":{"line":1,"column":1332}},"type":"binary-expr","locations":[{"start":{"line":1,"column":1316},"end":{"line":1,"column":1323}},{"start":{"line":1,"column":1325},"end":{"line":1,"column":1332}}],"line":1},"26":{"loc":{"start":{"line":1,"column":1411},"end":{"line":1,"column":1434}},"type":"binary-expr","locations":[{"start":{"line":1,"column":1411},"end":{"line":1,"column":1412}},{"start":{"line":1,"column":1414},"end":{"line":1,"column":1434}}],"line":1},"27":{"loc":{"start":{"line":1,"column":1441},"end":{"line":1,"column":1479}},"type":"cond-expr","locations":[{"start":{"line":1,"column":1443},"end":{"line":1,"column":1477}},{"start":{"line":1,"column":1478},"end":{"line":1,"column":1479}}],"line":1},"28":{"loc":{"start":{"line":1,"column":1482},"end":{"line":1,"column":1503}},"type":"cond-expr","locations":[{"start":{"line":1,"column":1484},"end":{"line":1,"column":1499}},{"start":{"line":1,"column":1500},"end":{"line":1,"column":1503}}],"line":1},"29":{"loc":{"start":{"line":1,"column":1520},"end":{"line":1,"column":1538}},"type":"binary-expr","locations":[{"start":{"line":1,"column":1520},"end":{"line":1,"column":1521}},{"start":{"line":1,"column":1523},"end":{"line":1,"column":1538}}],"line":1},"30":{"loc":{"start":{"line":1,"column":1548},"end":{"line":1,"column":1573}},"type":"binary-expr","locations":[{"start":{"line":1,"column":1548},"end":{"line":1,"column":1549}},{"start":{"line":1,"column":1551},"end":{"line":1,"column":1573}}],"line":1},"31":{"loc":{"start":{"line":1,"column":1609},"end":{"line":1,"column":1613}},"type":"binary-expr","locations":[{"start":{"line":1,"column":1609},"end":{"line":1,"column":1610}},{"start":{"line":1,"column":1612},"end":{"line":1,"column":1613}}],"line":1}},"s":{"0":4,"1":258,"2":258,"3":258,"4":0,"5":0,"6":0,"7":0,"8":516,"9":35,"10":258,"11":14,"12":14,"13":14,"14":14,"15":14,"16":14,"17":14,"18":14,"19":14,"20":14,"21":82,"22":82,"23":5,"24":82,"25":82,"26":20,"27":20,"28":20,"29":32,"30":32,"31":32,"32":82,"33":82,"34":82,"35":82,"36":82,"37":82,"38":0,"39":82,"40":14,"41":94,"42":94,"43":94,"44":26,"45":26,"46":26,"47":26,"48":26,"49":26,"50":14,"51":68,"52":4},"f":{"0":258,"1":258,"2":258,"3":0,"4":516,"5":35,"6":14,"7":0,"8":82,"9":82,"10":5,"11":82,"12":82,"13":32,"14":94,"15":94,"16":94,"17":14,"18":0},"b":{"0":[4,4,4],"1":[258,258],"2":[258,258],"3":[223,35],"4":[258,258],"5":[14,12],"6":[2,12],"7":[82,28],"8":[5,23],"9":[28,23,21],"10":[20,62],"11":[82,58],"12":[20,12],"13":[26,6],"14":[26,6],"15":[18,14],"16":[32,18],"17":[8,6],"18":[14,8],"19":[82,0],"20":[82,58,0],"21":[54,28],"22":[26,68],"23":[94,6,2],"24":[2,2],"25":[94,70],"26":[26,14],"27":[11,15],"28":[11,15],"29":[26,21],"30":[26,12],"31":[14,0]},"inputSourceMap":null,"_coverageSchema":"1a1c01bbd47fc00a2c39e90264f33305004495a9","hash":"c807a5ca73b3dcd4cb9f886e847a8d4f0f362a09"}
}
