TN:
SF:src/index.ts
FN:84,serialize
FN:96,(anonymous_8)
FN:107,start
FN:115,(anonymous_11)
FN:125,run
FN:129,(anonymous_14)
FN:173,(anonymous_15)
FN:177,(anonymous_17)
FN:217,(anonymous_18)
FN:223,(anonymous_19)
FNF:10
FNH:8
FNDA:14,serialize
FNDA:0,(anonymous_8)
FNDA:82,start
FNDA:5,(anonymous_11)
FNDA:82,run
FNDA:32,(anonymous_14)
FNDA:94,(anonymous_15)
FNDA:94,(anonymous_17)
FNDA:14,(anonymous_18)
FNDA:0,(anonymous_19)
DA:84,4
DA:92,14
DA:93,14
DA:95,14
DA:96,14
DA:97,14
DA:98,14
DA:100,14
DA:102,14
DA:103,14
DA:105,14
DA:108,82
DA:110,28
DA:112,28
DA:114,28
DA:115,5
DA:116,5
DA:120,28
DA:122,28
DA:126,82
DA:127,20
DA:128,20
DA:129,20
DA:131,32
DA:133,32
DA:135,32
DA:139,18
DA:140,14
DA:144,8
DA:146,6
DA:151,82
DA:152,82
DA:153,82
DA:154,0
DA:160,82
DA:161,82
DA:162,82
DA:163,82
DA:165,0
DA:169,82
DA:170,28
DA:173,14
DA:177,94
DA:178,94
DA:179,2
DA:180,2
DA:183,94
DA:184,68
DA:185,68
DA:191,26
DA:193,26
DA:194,14
DA:196,26
DA:200,26
DA:204,26
DA:209,26
DA:210,26
DA:212,26
DA:213,12
DA:215,26
DA:217,26
DA:218,14
DA:220,14
DA:221,14
DA:222,14
DA:223,14
DA:225,14
DA:228,26
LF:68
LH:66
BRDA:102,0,0,14
BRDA:102,0,1,12
BRDA:102,1,0,2
BRDA:102,1,1,12
BRDA:102,2,0,14
BRDA:102,2,1,14
BRDA:108,3,0,54
BRDA:114,4,0,5
BRDA:114,5,0,28
BRDA:114,5,1,23
BRDA:114,6,0,2
BRDA:114,6,1,21
BRDA:114,7,0,23
BRDA:114,7,1,23
BRDA:126,8,0,20
BRDA:126,9,0,24
BRDA:126,9,1,58
BRDA:126,10,0,82
BRDA:126,10,1,82
BRDA:128,11,0,20
BRDA:128,11,1,12
BRDA:131,12,0,26
BRDA:131,12,1,6
BRDA:133,13,0,26
BRDA:133,13,1,6
BRDA:135,14,0,18
BRDA:135,14,1,14
BRDA:136,15,0,32
BRDA:136,15,1,18
BRDA:140,16,0,8
BRDA:140,16,1,6
BRDA:141,17,0,14
BRDA:141,17,1,8
BRDA:152,18,0,82
BRDA:153,19,0,0
BRDA:153,20,0,24
BRDA:153,20,1,58
BRDA:153,21,0,82
BRDA:153,21,1,82
BRDA:169,22,0,54
BRDA:169,22,1,28
BRDA:178,23,0,2
BRDA:178,24,0,88
BRDA:178,24,1,6
BRDA:178,25,0,94
BRDA:178,25,1,94
BRDA:179,26,0,2
BRDA:183,27,0,68
BRDA:183,27,1,26
BRDA:183,28,0,24
BRDA:183,28,1,70
BRDA:183,29,0,94
BRDA:183,29,1,94
BRDA:193,30,0,14
BRDA:196,31,0,11
BRDA:196,31,1,15
BRDA:200,32,0,11
BRDA:200,32,1,15
BRDA:209,33,0,21
BRDA:212,34,0,12
BRDA:218,35,0,14
BRDA:218,35,1,0
BRF:62
BRH:60
end_of_record
