TN:
SF:dist/index.js
FN:1,(anonymous_0)
FN:1,(anonymous_1)
FN:1,i
FN:1,o
FN:1,r
FN:1,(anonymous_5)
FN:1,serialize
FN:1,(anonymous_7)
FN:1,p
FN:1,(anonymous_9)
FN:1,(anonymous_10)
FN:1,n
FN:1,(anonymous_12)
FN:1,(anonymous_13)
FN:1,(anonymous_14)
FN:1,(anonymous_15)
FN:1,(anonymous_16)
FN:1,(anonymous_17)
FN:1,(anonymous_18)
FNF:19
FNH:16
FNDA:258,(anonymous_0)
FNDA:258,(anonymous_1)
FNDA:258,i
FNDA:0,o
FNDA:516,r
FNDA:35,(anonymous_5)
FNDA:14,serialize
FNDA:0,(anonymous_7)
FNDA:82,p
FNDA:82,(anonymous_9)
FNDA:5,(anonymous_10)
FNDA:82,n
FNDA:82,(anonymous_12)
FNDA:32,(anonymous_13)
FNDA:94,(anonymous_14)
FNDA:94,(anonymous_15)
FNDA:94,(anonymous_16)
FNDA:14,(anonymous_17)
FNDA:0,(anonymous_18)
DA:1,516
LF:1
LH:1
BRDA:1,0,0,4
BRDA:1,0,1,4
BRDA:1,0,2,4
BRDA:1,1,0,258
BRDA:1,1,1,258
BRDA:1,2,0,258
BRDA:1,2,1,258
BRDA:1,3,0,223
BRDA:1,3,1,35
BRDA:1,4,0,258
BRDA:1,4,1,258
BRDA:1,5,0,14
BRDA:1,5,1,12
BRDA:1,6,0,2
BRDA:1,6,1,12
BRDA:1,7,0,82
BRDA:1,7,1,28
BRDA:1,8,0,5
BRDA:1,8,1,23
BRDA:1,9,0,28
BRDA:1,9,1,23
BRDA:1,9,2,21
BRDA:1,10,0,20
BRDA:1,10,1,62
BRDA:1,11,0,82
BRDA:1,11,1,58
BRDA:1,12,0,20
BRDA:1,12,1,12
BRDA:1,13,0,26
BRDA:1,13,1,6
BRDA:1,14,0,26
BRDA:1,14,1,6
BRDA:1,15,0,18
BRDA:1,15,1,14
BRDA:1,16,0,32
BRDA:1,16,1,18
BRDA:1,17,0,8
BRDA:1,17,1,6
BRDA:1,18,0,14
BRDA:1,18,1,8
BRDA:1,19,0,82
BRDA:1,19,1,0
BRDA:1,20,0,82
BRDA:1,20,1,58
BRDA:1,20,2,0
BRDA:1,21,0,54
BRDA:1,21,1,28
BRDA:1,22,0,26
BRDA:1,22,1,68
BRDA:1,23,0,94
BRDA:1,23,1,6
BRDA:1,23,2,2
BRDA:1,24,0,2
BRDA:1,24,1,2
BRDA:1,25,0,94
BRDA:1,25,1,70
BRDA:1,26,0,26
BRDA:1,26,1,14
BRDA:1,27,0,11
BRDA:1,27,1,15
BRDA:1,28,0,11
BRDA:1,28,1,15
BRDA:1,29,0,26
BRDA:1,29,1,21
BRDA:1,30,0,26
BRDA:1,30,1,12
BRDA:1,31,0,14
BRDA:1,31,1,0
BRF:68
BRH:65
end_of_record
